[2025-03-06T09:10:14.694Z] GET /
[2025-03-06T09:10:14.755Z] GET /favicon.ico
[2025-03-06T09:10:29.374Z] POST /api/login
[2025-03-06T09:10:29.384Z] GET /api/homepage
[2025-03-06T09:10:29.401Z] GET /api/beer.jpg
[2025-03-06T09:10:29.402Z] GET /api/vodka.jpg
[2025-03-06T09:10:29.407Z] GET /api/homepage.js
[2025-03-06T09:10:29.410Z] GET /api/gin.jpg
[2025-03-06T09:10:29.411Z] GET /api/homepagevideo.mp4
[2025-03-06T09:10:29.413Z] GET /api/whiskey.jpg
[2025-03-06T09:10:29.415Z] GET /api/wine.jpg
[2025-03-06T09:10:29.419Z] GET /api/rum.jpg
[2025-03-06T09:10:29.422Z] GET /api/aboutusvideo.mp4
[2025-03-06T09:22:50.994Z] GET /
[2025-03-06T09:22:51.072Z] GET /favicon.ico
[2025-03-06T09:23:01.790Z] POST /api/login
[2025-03-06T09:23:01.800Z] GET /api/homepage
[2025-03-06T09:23:01.814Z] GET /api/beer.jpg
[2025-03-06T09:23:01.815Z] GET /api/vodka.jpg
[2025-03-06T09:23:01.819Z] GET /api/wine.jpg
[2025-03-06T09:23:01.821Z] GET /api/gin.jpg
[2025-03-06T09:23:01.821Z] GET /api/whiskey.jpg
[2025-03-06T09:23:01.823Z] GET /api/homepage.js
[2025-03-06T09:23:01.825Z] GET /api/rum.jpg
[2025-03-06T09:23:01.828Z] GET /api/aboutusvideo.mp4
[2025-03-06T09:23:01.831Z] GET /api/homepagevideo.mp4
[2025-03-06T09:23:09.121Z] GET /api/beer
[2025-03-06T09:23:09.137Z] GET /api/beer.js
[2025-03-06T09:23:09.155Z] GET /api/Select.jpg
[2025-03-06T09:23:09.155Z] GET /api/Silver.jpg
[2025-03-06T09:23:09.160Z] GET /api/Zero.jpg
[2025-03-06T09:23:09.162Z] GET /api/Ultra.jpg
[2025-03-06T09:23:09.163Z] GET /api/Strong1.jpg
[2025-03-06T09:23:09.165Z] GET /api/UltraMax.jpg
[2025-03-06T09:23:09.165Z] GET /api/Premium.jpg
[2025-03-06T09:23:09.167Z] GET /api/Strong.jpg
[2025-03-06T09:23:09.167Z] GET /api/Supreme.jpg
[2025-03-06T09:23:09.170Z] GET /api/Carlsberg.jpg
[2025-03-06T09:23:09.170Z] GET /api/Canon1000.jpg
